<?xml version="1.0" encoding="UTF-8" ?>
<testsuite tests="11" failures="0" name="diadia.homework_2.RunCucumberTest" time="0.204" errors="0" skipped="0">
  <properties>
[...]
</properties>
  <testcase classname="Entro nella stanza buia e racoolgo la lanterna" name="Entro nella stanza buia e raccolgo la lanterna" time="0.138"/>
  <testcase classname="Entro nella stanza magica e gioco con osso fino a non poterlo raccogliere" name="Entro nella stanza magica e gioco con osso" time="0.016"/>
  <testcase classname="Lancio di DiaDia" name="Leggo il messaggio di uscita" time="0.007"/>
  <testcase classname="Lancio di DiaDia" name="Vado subito a nord e vinco" time="0.007"/>
  <testcase classname="Lancio di DiaDia" name="Chiudo subito il gioco" time="0.002"/>
  <testcase classname="Lancio di DiaDia" name="Giro nel labirinto e perdo" time="0.006"/>
  <testcase classname="Lancio di DiaDia" name="Prova generale comandi #1" time="0.007"/>
  <testcase classname="Lancio di DiaDia" name="Prova generale comandi #2" time="0.005"/>
  <testcase classname="Lancio di DiaDia" name="Prova generale comandi #3" time="0.005"/>
  <testcase classname="Lancio di DiaDia" name="Prova generale comandi #4" time="0.007"/>
  <testcase classname="Lancio di DiaDia" name="Prova generale comandi #5" time="0.004"/>
</testsuite>