<?xml version="1.0" encoding="UTF-8" ?>
<testsuite tests="10" failures="0" name="diadia.homework_2.RunCucumberTest" time="0.159" errors="0" skipped="0">
  <properties>
[...]
</properties>
  <testcase classname="Gioco a DiaDia" name="Entro nella stanza buia e raccolgo la lanterna" time="0.108"/>
  <testcase classname="Lancio di DiaDia" name="Leggo il messaggio di uscita" time="0.007"/>
  <testcase classname="Lancio di DiaDia" name="Vado subito a nord e vinco" time="0.005"/>
  <testcase classname="Lancio di DiaDia" name="Chiudo subito il gioco" time="0.006"/>
  <testcase classname="Lancio di DiaDia" name="Giro nel labirinto e perdo" time="0.009"/>
  <testcase classname="Lancio di DiaDia" name="Prova generale comandi #1" time="0.005"/>
  <testcase classname="Lancio di DiaDia" name="Prova generale comandi #2" time="0.003"/>
  <testcase classname="Lancio di DiaDia" name="Prova generale comandi #3" time="0.007"/>
  <testcase classname="Lancio di DiaDia" name="Prova generale comandi #4" time="0.005"/>
  <testcase classname="Lancio di DiaDia" name="Prova generale comandi #5" time="0.004"/>
</testsuite>